0 info it worked if it ends with ok
1 verbose cli [ 'D:\\Software\\Node.js\\node.exe',
1 verbose cli   'D:\\Software\\Node.js\\node_modules\\npm\\bin\\npm-cli.js',
1 verbose cli   'run',
1 verbose cli   'dev' ]
2 info using npm@3.10.10
3 info using node@v6.10.2
4 verbose run-script [ 'predev', 'dev', 'postdev' ]
5 info lifecycle GameApp@1.0.0~predev: GameApp@1.0.0
6 silly lifecycle GameApp@1.0.0~predev: no script for predev, continuing
7 info lifecycle GameApp@1.0.0~dev: GameApp@1.0.0
8 verbose lifecycle GameApp@1.0.0~dev: unsafe-perm in lifecycle true
9 verbose lifecycle GameApp@1.0.0~dev: PATH: D:\Software\Node.js\node_modules\npm\bin\node-gyp-bin;D:\Study\前端开发\GameApp\node_modules\.bin;D:\Software\Anaconda3;D:\Software\Anaconda3\Library\mingw-w64\bin;D:\Software\Anaconda3\Library\usr\bin;D:\Software\Anaconda3\Library\bin;D:\Software\Anaconda3\Scripts;C:\ProgramData\Oracle\Java\javapath;C:\Program Files\NVIDIA GPU Computing Toolkit\CUDA\v8.0\bin;C:\Program Files\NVIDIA GPU Computing Toolkit\CUDA\v8.0\libnvvp;C:\Program Files\Python35\Scripts\;C:\Program Files\Python35\;D:\Software\Ruby23-x64\bin;C:\Program Files (x86)\Intel\iCLS Client\;C:\Program Files\Intel\iCLS Client\;C:\Windows\system32;C:\Windows;C:\Windows\System32\Wbem;C:\Windows\System32\WindowsPowerShell\v1.0\;C:\Program Files (x86)\Intel\Intel(R) Management Engine Components\DAL;C:\Program Files\Intel\Intel(R) Management Engine Components\DAL;C:\Program Files (x86)\Intel\Intel(R) Management Engine Components\IPT;C:\Program Files\Intel\Intel(R) Management Engine Components\IPT;C:\Program Files\Intel\WiFi\bin\;C:\Program Files\Common Files\Intel\WirelessCommon\;C:\Program Files (x86)\Windows Kits\8.1\Windows Performance Toolkit\;C:\Program Files\Microsoft SQL Server\110\Tools\Binn\;C:\Program Files\Microsoft SQL Server\120\Tools\Binn\;D:\Software\cmake\bin;D:\Software\MATLAB\runtime\win64;D:\Software\MATLAB\bin;D:\Software\MATLAB\polyspace\bin;D:\Software\Qt5.7.0\5.7\msvc2013_64\bin;D:\Software\Node.js\;D:\Software\opencv\build\x64\vc12\bin;C:\WINDOWS\system32;C:\WINDOWS;C:\WINDOWS\System32\Wbem;C:\WINDOWS\System32\WindowsPowerShell\v1.0\;D:\Software\Git\cmd;C:\Program Files\Common Files\Autodesk Shared\;C:\Program Files (x86)\Autodesk\Backburner\;C:\Program Files (x86)\NVIDIA Corporation\PhysX\Common;C:\Users\chenz\.dnx\bin;C:\Program Files\Microsoft DNX\Dnvm\;C:\Program Files\Microsoft SQL Server\130\Tools\Binn\;D:\Software\;C:\WINDOWS\system32;C:\WINDOWS;C:\WINDOWS\System32\Wbem;C:\WINDOWS\System32\WindowsPowerShell\v1.0\;D:\Software\Java\bin;D:\Software\Java\jre\bin;D:\Software\gradle-4.6\bin;D:\Software\SVN\bin;C:\Program Files\MySQL\MySQL Utilities 1.6\;C:\WINDOWS\System32\OpenSSH\;D:\Software\Anaconda3\envs\tensorflow\Scripts\;D:\Software\Anaconda3\envs\tensorflow;C:\Users\chenz\AppData\Local\Microsoft\WindowsApps;C:\Program Files\Intel\WiFi\bin\;C:\Program Files\Common Files\Intel\WirelessCommon\;C:\Users\chenz\AppData\Roaming\npm;D:\Software\cuda\bin;D:\Software\TTC\Python27\;
10 verbose lifecycle GameApp@1.0.0~dev: CWD: D:\Study\前端开发\GameApp
11 silly lifecycle GameApp@1.0.0~dev: Args: [ '/d /s /c', 'webpack-dev-server --open --port 3000 --hot' ]
12 verbose stack Error: kill ENOSYS
12 verbose stack     at exports._errnoException (util.js:1018:11)
12 verbose stack     at process.kill (internal/process.js:190:13)
12 verbose stack     at process.listener (D:\Software\Node.js\node_modules\npm\node_modules\npmlog\node_modules\gauge\node_modules\signal-exit\index.js:86:15)
12 verbose stack     at emitNone (events.js:91:20)
12 verbose stack     at process.emit (events.js:185:7)
12 verbose stack     at processEmit (D:\Software\Node.js\node_modules\npm\node_modules\npmlog\node_modules\gauge\node_modules\signal-exit\index.js:146:32)
12 verbose stack     at processEmit (D:\Software\Node.js\node_modules\npm\node_modules\npm-registry-client\node_modules\npmlog\node_modules\gauge\node_modules\signal-exit\index.js:146:32)
12 verbose stack     at Signal.wrap.onsignal (internal/process.js:217:44)
13 verbose cwd D:\Study\前端开发\GameApp
14 error Windows_NT 10.0.17134
15 error argv "D:\\Software\\Node.js\\node.exe" "D:\\Software\\Node.js\\node_modules\\npm\\bin\\npm-cli.js" "run" "dev"
16 error node v6.10.2
17 error npm  v3.10.10
18 error code ENOSYS
19 error errno ENOSYS
20 error syscall kill
21 error kill ENOSYS
22 error If you need help, you may report this error at:
22 error     <https://github.com/npm/npm/issues>
23 verbose exit [ 1, true ]
